0 info it worked if it ends with ok
1 verbose cli [ '/usr/bin/nodejs', '/usr/bin/npm', 'publish' ]
2 info using npm@3.10.10
3 info using node@v6.9.4
4 verbose publish [ '.' ]
5 silly cache add args [ '.', null ]
6 verbose cache add spec .
7 silly cache add parsed spec Result {
7 silly cache add   raw: '.',
7 silly cache add   scope: null,
7 silly cache add   escapedName: null,
7 silly cache add   name: null,
7 silly cache add   rawSpec: '.',
7 silly cache add   spec: '/home/zeeshan/htdocs/angular-tag-cloud',
7 silly cache add   type: 'directory' }
8 verbose addLocalDirectory /home/zeeshan/.npm/angular-tag-cloud/0.3.2/package.tgz not in flight; packing
9 verbose correctMkdir /home/zeeshan/.npm correctMkdir not in flight; initializing
10 info lifecycle angular-tag-cloud@0.3.2~prepublish: angular-tag-cloud@0.3.2
11 silly lifecycle angular-tag-cloud@0.3.2~prepublish: no script for prepublish, continuing
12 verbose tar pack [ '/home/zeeshan/.npm/angular-tag-cloud/0.3.2/package.tgz',
12 verbose tar pack   '/home/zeeshan/htdocs/angular-tag-cloud' ]
13 verbose tarball /home/zeeshan/.npm/angular-tag-cloud/0.3.2/package.tgz
14 verbose folder /home/zeeshan/htdocs/angular-tag-cloud
15 verbose addLocalTarball adding from inside cache /home/zeeshan/.npm/angular-tag-cloud/0.3.2/package.tgz
16 verbose correctMkdir /home/zeeshan/.npm correctMkdir not in flight; initializing
17 silly cache afterAdd angular-tag-cloud@0.3.2
18 verbose afterAdd /home/zeeshan/.npm/angular-tag-cloud/0.3.2/package/package.json not in flight; writing
19 verbose correctMkdir /home/zeeshan/.npm correctMkdir not in flight; initializing
20 verbose afterAdd /home/zeeshan/.npm/angular-tag-cloud/0.3.2/package/package.json written
21 silly publish { name: 'angular-tag-cloud',
21 silly publish   version: '0.3.2',
21 silly publish   description: 'Create simple clean tag clouds in your Angular app. No other dependencies required.',
21 silly publish   main: 'dist/ng-tag-cloud-module.js',
21 silly publish   directories: { example: 'examples', test: 'tests' },
21 silly publish   scripts:
21 silly publish    { minify: 'minify --output dist/ng-tag-cloud.min.js src/ng-tag-cloud.js',
21 silly publish      test: 'echo "Error: no test specified" && exit 1' },
21 silly publish   repository:
21 silly publish    { type: 'git',
21 silly publish      url: 'git+https://github.com/zeeshanhyder/angular-tag-cloud.git' },
21 silly publish   keywords:
21 silly publish    [ 'angular',
21 silly publish      'cloud-tags',
21 silly publish      'tag-cloud',
21 silly publish      'angular-tag-cloud',
21 silly publish      'tags' ],
21 silly publish   author:
21 silly publish    { name: 'Zeeshan Hyder',
21 silly publish      email: 'hyder.zeeshan@live.com',
21 silly publish      url: 'https://github.com/zeeshanhyder' },
21 silly publish   license: 'MIT',
21 silly publish   bugs: { url: 'https://github.com/zeeshanhyder/angular-tag-cloud/issues' },
21 silly publish   homepage: 'https://github.com/zeeshanhyder/angular-tag-cloud#readme',
21 silly publish   devDependencies: { minifier: '^0.8.0' },
21 silly publish   readme: '# angular-tag-cloud\nCreate simple and clean tag clouds in angular with this library. This library is jQuery-less, for-angular port of [Lucaong\'s jQCloud](https://github.com/lucaong/jQCloud) library.\n\n## Installation\n\n### General\n- Copy/move `ng-tag-cloud.js` from src dir in the package to your project dir\n- In your Angular app, add a dependency to your module as below:\n  \n  `angular.module(\'yourApp\',[\'ngTagCloud\',...]\');` \n  \n### bower\nIn your project dir, type the following command:\n\n```sh\n$ bower install angular-tag-cloud\n```\nThen add a `<script>` in your project `html`:\n\n```javascript\n<script src=\'/bower_components/angular-tag-cloud/src/ng-tag-cloud.js\'></script>\n```\nAnd finally in your Angular app, add the dependency as:\n\n`angular.module(\'yourApp\',[\'ngTagCloud\',...]\');`\n\n\n### npm\nIn your project dir, run the following command:\n\n```sh\n$ npm install angular-tag-cloud\n```\nThen `require()` in your project source as:\n\n```javascript\nrequire(\'angular-tag-cloud\')\n```\n\n### Styling\n\nI have included a default `css` file for default styling. Include it in your file:\n\n```html\n<link rel="stylesheet" href="[bower_components | node_modules]/angular-tag-cloud/src/css/ng-tag-cloud.css">\n```\nYou can easily override it with your custom `css` class.\n \n## Usage\n\nIn your html file, use the component like this:\n\n```html\n<ng-tag-cloud cloud-width="250" cloud-height="250" cloud-data="data"></ng-tag-cloud> <!-- default height and width is 300px -->\n```\nor with your custom defined `css`. Please check [code example](https://github.com/zeeshanhyder/angular-tag-cloud/tree/master/examples) to see how to implement custom `css`.\n\n```html\n<ng-tag-cloud class="custom-css-class" cloud-width="250" cloud-height="250" cloud-data="data"></ng-tag-cloud>\n```\n\nwhere your data is of `JSON` format as shown below. In your controller:\n\n```javascript\n$scope.data = [\n          {text: "Lorem", weight: 15, link: "https://google.com"}, //if your tag has a link.\n          {text: "Ipsum", weight: 9},\n          {text: "Dolor", weight: 6},\n          {text: "Sit", weight: 7},\n          {text: "Amet", weight: 5}\n          // ...as many words as you want\n      ];\n```\n\nYou can control whether there will be delay in word drawing like this:\n```html\n<ng-tag-cloud  cloud-width="250" cloud-height="250" delayed-mode="false"></ng-tag-cloud>\n```\nTrue - 10 ms delay.\nFalse - No delay.\nUndifened - True only if there is more then 50 words.\n\n## Examples\n\nPlease check the examples directory to get the exact idea of what i am talking about. It\'s always better to check examples. \n\nCheck code example [here](https://github.com/zeeshanhyder/angular-tag-cloud/tree/master/examples).',
21 silly publish   readmeFilename: 'README.md',
21 silly publish   gitHead: '1b58737ae21c0f94e4671ccc816ea148fecf076d',
21 silly publish   _id: 'angular-tag-cloud@0.3.2',
21 silly publish   _shasum: '9be58e96136e96efb740844efe4e958545d1d923',
21 silly publish   _from: '.' }
22 verbose getPublishConfig undefined
23 silly mapToRegistry name angular-tag-cloud
24 silly mapToRegistry using default registry
25 silly mapToRegistry registry https://registry.npmjs.org/
26 silly mapToRegistry data Result {
26 silly mapToRegistry   raw: 'angular-tag-cloud',
26 silly mapToRegistry   scope: null,
26 silly mapToRegistry   escapedName: 'angular-tag-cloud',
26 silly mapToRegistry   name: 'angular-tag-cloud',
26 silly mapToRegistry   rawSpec: '',
26 silly mapToRegistry   spec: 'latest',
26 silly mapToRegistry   type: 'tag' }
27 silly mapToRegistry uri https://registry.npmjs.org/angular-tag-cloud
28 verbose publish registryBase https://registry.npmjs.org/
29 silly publish uploading /home/zeeshan/.npm/angular-tag-cloud/0.3.2/package.tgz
30 verbose stack Error: auth required for publishing
30 verbose stack     at CachingRegistryClient.publish (/usr/lib/node_modules/npm/node_modules/npm-registry-client/lib/publish.js:30:14)
30 verbose stack     at /usr/lib/node_modules/npm/lib/publish.js:138:14
30 verbose stack     at mapToRegistry (/usr/lib/node_modules/npm/lib/utils/map-to-registry.js:62:3)
30 verbose stack     at publish_ (/usr/lib/node_modules/npm/lib/publish.js:107:3)
30 verbose stack     at Array.<anonymous> (/usr/lib/node_modules/npm/node_modules/slide/lib/bind-actor.js:15:8)
30 verbose stack     at LOOP (/usr/lib/node_modules/npm/node_modules/slide/lib/chain.js:15:14)
30 verbose stack     at LOOP (/usr/lib/node_modules/npm/node_modules/slide/lib/chain.js:14:28)
30 verbose stack     at chain (/usr/lib/node_modules/npm/node_modules/slide/lib/chain.js:20:5)
30 verbose stack     at /usr/lib/node_modules/npm/lib/publish.js:73:5
30 verbose stack     at RES (/usr/lib/node_modules/npm/node_modules/inflight/inflight.js:23:14)
31 verbose cwd /home/zeeshan/htdocs/angular-tag-cloud
32 error Linux 4.4.0-57-generic
33 error argv "/usr/bin/nodejs" "/usr/bin/npm" "publish"
34 error node v6.9.4
35 error npm  v3.10.10
36 error code ENEEDAUTH
37 error need auth auth required for publishing
38 error need auth You need to authorize this machine using `npm adduser`
39 verbose exit [ 1, true ]
